Arguments: 
  C:\Program Files\nodejs\node.exe C:\Program Files (x86)\Yarn\bin\yarn.js add @types/music-metadata

PATH: 
  C:\WINDOWS\system32;C:\WINDOWS;C:\WINDOWS\System32\Wbem;C:\WINDOWS\System32\WindowsPowerShell\v1.0\;C:\WINDOWS\System32\OpenSSH\;C:\Program Files\Git\cmd;C:\ProgramData\chocolatey\bin;C:\Program Files\nodejs\;C:\Users\Jirin\AppData\Local\Programs\Python\Python37-32;C:\Users\Jirin\AppData\Local\Programs\Python\Python37-32\Scripts;C:\Program Files\dotnet\;C:\Program Files\Intel\WiFi\bin\;C:\Program Files\Common Files\Intel\WirelessCommon\;C:\Program Files (x86)\Yarn\bin\;C:\Program Files (x86)\Intel\Intel(R) Management Engine Components\DAL;C:\Program Files\Intel\Intel(R) Management Engine Components\DAL;C:\Users\Jirin\AppData\Local\Microsoft\WindowsApps;C:\Users\Jirin\AppData\Local\Programs\Microsoft VS Code\bin;C:\Users\Jirin\.dotnet\tools;C:\Users\Jirin\.babun;C:\Users\Jirin\AppData\Roaming\npm;C:\Users\Jirin\AppData\Local\Programs\Python\Python37-32;C:\Users\Jirin\AppData\Local\Programs\Python\Python37-32\Scripts;C:\Program Files\Docker Toolbox;C:\Users\Jirin\AppData\Local\Microsoft\WindowsApps;C:\Users\Jirin\AppData\Local\Yarn\bin;C:\Windows\Microsoft.NET\Framework64\v4.0.30319;

Yarn version: 
  1.15.2

Node version: 
  10.15.0

Platform: 
  win32 x64

Trace: 
  Error: https://registry.yarnpkg.com/@types%2fmusic-metadata: Not found
      at Request.params.callback [as _callback] (C:\Program Files (x86)\Yarn\lib\cli.js:65167:18)
      at Request.self.callback (C:\Program Files (x86)\Yarn\lib\cli.js:129541:22)
      at Request.emit (events.js:182:13)
      at Request.<anonymous> (C:\Program Files (x86)\Yarn\lib\cli.js:130513:10)
      at Request.emit (events.js:182:13)
      at IncomingMessage.<anonymous> (C:\Program Files (x86)\Yarn\lib\cli.js:130435:12)
      at Object.onceWrapper (events.js:273:13)
      at IncomingMessage.emit (events.js:187:15)
      at endReadableNT (_stream_readable.js:1094:12)
      at process._tickCallback (internal/process/next_tick.js:63:19)

npm manifest: 
  {
    "name": "file-manipulator-js",
    "version": "1.0.0",
    "description": "",
    "main": "index.js",
    "scripts": {
      "test": "echo \"Error: no test specified\" && exit 1",
      "build": "tsc",
      "start": "ts-node src"
    },
    "repository": {
      "type": "git",
      "url": "git+https://github.com/Jirinrin/file-manipulator-js.git"
    },
    "keywords": [],
    "author": "",
    "license": "ISC",
    "bugs": {
      "url": "https://github.com/Jirinrin/file-manipulator-js/issues"
    },
    "homepage": "https://github.com/Jirinrin/file-manipulator-js#readme",
    "dependencies": {
      "@types/node": "^12.0.4",
      "music-metadata": "^4.1.0",
      "ts-node": "^8.2.0",
      "typescript": "^3.5.1"
    }
  }

yarn manifest: 
  No manifest

Lockfile: 
  # THIS IS AN AUTOGENERATED FILE. DO NOT EDIT THIS FILE DIRECTLY.
  # yarn lockfile v1
  
  
  "@types/node@^12.0.4":
    version "12.0.4"
    resolved "https://registry.yarnpkg.com/@types/node/-/node-12.0.4.tgz#46832183115c904410c275e34cf9403992999c32"
    integrity sha512-j8YL2C0fXq7IONwl/Ud5Kt0PeXw22zGERt+HSSnwbKOJVsAGkEz3sFCYwaF9IOuoG1HOtE0vKCj6sXF7Q0+Vaw==
  
  arg@^4.1.0:
    version "4.1.0"
    resolved "https://registry.yarnpkg.com/arg/-/arg-4.1.0.tgz#583c518199419e0037abb74062c37f8519e575f0"
    integrity sha512-ZWc51jO3qegGkVh8Hwpv636EkbesNV5ZNQPCtRa+0qytRYPEs9IYT9qITY9buezqUH5uqyzlWLcufrzU2rffdg==
  
  buffer-from@^1.0.0:
    version "1.1.1"
    resolved "https://registry.yarnpkg.com/buffer-from/-/buffer-from-1.1.1.tgz#32713bc028f75c02fdb710d7c7bcec1f2c6070ef"
    integrity sha512-MQcXEUbCKtEo7bhqEs6560Hyd4XaovZlO/k9V3hjVUF/zwW7KBVdSK4gIt/bzwS9MbR5qob+F5jusZsb0YQK2A==
  
  content-type@^1.0.4:
    version "1.0.4"
    resolved "https://registry.yarnpkg.com/content-type/-/content-type-1.0.4.tgz#e138cc75e040c727b1966fe5e5f8c9aee256fe3b"
    integrity sha512-hIP3EEPs8tB9AT1L+NUqtwOAps4mk2Zob89MWXMHjHWg9milF/j4osnnQLXBCBFBk/tvIG/tUc9mOUJiPBhPXA==
  
  debug@^4.1.0:
    version "4.1.1"
    resolved "https://registry.yarnpkg.com/debug/-/debug-4.1.1.tgz#3b72260255109c6b589cee050f1d516139664791"
    integrity sha512-pYAIzeRo8J6KPEaJ0VWOh5Pzkbw/RetuzehGM7QRRX5he4fPHx2rdKMB256ehJCkX+XRQm16eZLqLNS8RSZXZw==
    dependencies:
      ms "^2.1.1"
  
  diff@^4.0.1:
    version "4.0.1"
    resolved "https://registry.yarnpkg.com/diff/-/diff-4.0.1.tgz#0c667cb467ebbb5cea7f14f135cc2dba7780a8ff"
    integrity sha512-s2+XdvhPCOF01LRQBC8hf4vhbVmI2CGS5aZnxLJlT5FtdhPCDFq80q++zK2KlrVorVDdL5BOGZ/VfLrVtYNF+Q==
  
  file-type@^11.0.0:
    version "11.1.0"
    resolved "https://registry.yarnpkg.com/file-type/-/file-type-11.1.0.tgz#93780f3fed98b599755d846b99a1617a2ad063b8"
    integrity sha512-rM0UO7Qm9K7TWTtA6AShI/t7H5BPjDeGVDaNyg9BjHAj3PysKy7+8C8D137R88jnR3rFJZQB/tFgydl5sN5m7g==
  
  make-error@^1.1.1:
    version "1.3.5"
    resolved "https://registry.yarnpkg.com/make-error/-/make-error-1.3.5.tgz#efe4e81f6db28cadd605c70f29c831b58ef776c8"
    integrity sha512-c3sIjNUow0+8swNwVpqoH4YCShKNFkMaw6oH1mNS2haDZQqkeZFlHS3dhoeEbKKmJB4vXpJucU6oH75aDYeE9g==
  
  media-typer@^1.1.0:
    version "1.1.0"
    resolved "https://registry.yarnpkg.com/media-typer/-/media-typer-1.1.0.tgz#6ab74b8f2d3320f2064b2a87a38e7931ff3a5561"
    integrity sha512-aisnrDP4GNe06UcKFnV5bfMNPBUw4jsLGaWwWfnH3v02GnBuXX2MCVn5RbrWo0j3pczUilYblq7fQ7Nw2t5XKw==
  
  ms@^2.1.1:
    version "2.1.1"
    resolved "https://registry.yarnpkg.com/ms/-/ms-2.1.1.tgz#30a5864eb3ebb0a66f2ebe6d727af06a09d86e0a"
    integrity sha512-tgp+dl5cGk28utYktBsrFqA7HKgrhgPsg6Z/EfhWI4gl1Hwq8B/GmY/0oXZ6nF8hDVesS/FpnYaD/kOWhYQvyg==
  
  music-metadata@^4.1.0:
    version "4.1.0"
    resolved "https://registry.yarnpkg.com/music-metadata/-/music-metadata-4.1.0.tgz#88834def67afb22e95b849c78ebd05f56babe8a3"
    integrity sha512-hQ/nCaKURhDQQgqnmnOPWWM4m1tb9f1jHn8zIKpB669K8Fc+8X7GjNrjb+FTtIcQBDn6NP+8Di2/SC/2ZzTcNg==
    dependencies:
      content-type "^1.0.4"
      debug "^4.1.0"
      file-type "^11.0.0"
      media-typer "^1.1.0"
      strtok3 "^2.3.0"
      token-types "^1.0.1"
  
  source-map-support@^0.5.6:
    version "0.5.12"
    resolved "https://registry.yarnpkg.com/source-map-support/-/source-map-support-0.5.12.tgz#b4f3b10d51857a5af0138d3ce8003b201613d599"
    integrity sha512-4h2Pbvyy15EE02G+JOZpUCmqWJuqrs+sEkzewTm++BPi7Hvn/HwcqLAcNxYAyI0x13CpPPn+kMjl+hplXMHITQ==
    dependencies:
      buffer-from "^1.0.0"
      source-map "^0.6.0"
  
  source-map@^0.6.0:
    version "0.6.1"
    resolved "https://registry.yarnpkg.com/source-map/-/source-map-0.6.1.tgz#74722af32e9614e9c287a8d0bbde48b5e2f1a263"
    integrity sha512-UjgapumWlbMhkBgzT7Ykc5YXUT46F0iKu8SGXq0bcwP5dz/h0Plj6enJqjz1Zbq2l5WaqYnrVbwWOWMyF3F47g==
  
  strtok3@^2.3.0:
    version "2.3.0"
    resolved "https://registry.yarnpkg.com/strtok3/-/strtok3-2.3.0.tgz#1f0168ce82c5aa52bf6a567ef44e6c70a69cf514"
    integrity sha512-AA67/1atBh7X0fUTDevjW89by2ZkY9RZAnkwusx5Yc1COYf0ruUbpYOOIs03SnRA1CF9K3+BtRXKOEtKhAXVaQ==
    dependencies:
      debug "^4.1.0"
      then-read-stream "^1.5.0"
      token-types "^1.0.1"
  
  then-read-stream@^1.5.0:
    version "1.5.0"
    resolved "https://registry.yarnpkg.com/then-read-stream/-/then-read-stream-1.5.0.tgz#1077809ac135f11fc54fb7ae01631dff8b598082"
    integrity sha512-Qu+Dp3G28GBmewssIjoRwcmdnsymjdSFt17s8qAajQKesBjLoRAj3VgWftiLSC5CJV6PEYOS0d45WGTJp8QFxQ==
  
  token-types@^1.0.1:
    version "1.0.1"
    resolved "https://registry.yarnpkg.com/token-types/-/token-types-1.0.1.tgz#c91671bd80f7e2ded10dee4b8ff17247c40378c7"
    integrity sha512-Q2yPT4GA4gmIAgUrL9O9LRzKFKJ8FA1P5eiOfC2eH+IZMSJVQBCML1SOooeRicIIvTr/UZuTAX5PqMzgBXJOvg==
  
  ts-node@^8.2.0:
    version "8.2.0"
    resolved "https://registry.yarnpkg.com/ts-node/-/ts-node-8.2.0.tgz#4a89754b00560bb24cd54526e1685fa38c45f240"
    integrity sha512-m8XQwUurkbYqXrKqr3WHCW310utRNvV5OnRVeISeea7LoCWVcdfeB/Ntl8JYWFh+WRoUAdBgESrzKochQt7sMw==
    dependencies:
      arg "^4.1.0"
      diff "^4.0.1"
      make-error "^1.1.1"
      source-map-support "^0.5.6"
      yn "^3.0.0"
  
  typescript@^3.5.1:
    version "3.5.1"
    resolved "https://registry.yarnpkg.com/typescript/-/typescript-3.5.1.tgz#ba72a6a600b2158139c5dd8850f700e231464202"
    integrity sha512-64HkdiRv1yYZsSe4xC1WVgamNigVYjlssIoaH2HcZF0+ijsk5YK2g0G34w9wJkze8+5ow4STd22AynfO6ZYYLw==
  
  yn@^3.0.0:
    version "3.1.0"
    resolved "https://registry.yarnpkg.com/yn/-/yn-3.1.0.tgz#fcbe2db63610361afcc5eb9e0ac91e976d046114"
    integrity sha512-kKfnnYkbTfrAdd0xICNFw7Atm8nKpLcLv9AZGEt+kczL/WQVai4e2V6ZN8U/O+iI6WrNuJjNNOyu4zfhl9D3Hg==
